<?xml version="1.0" encoding="UTF-8"?>
<!-- Generated by org.testng.reporters.JUnitReportReporter -->
<testsuite hostname="Viswa" failures="0" tests="1" name="GETAPIs.JsonPathTest" time="2.163" errors="1" timestamp="2024-02-17T11:22:51 IST" skipped="0">
  <testcase classname="GETAPIs.JsonPathTest" name="getProductAPIWithqueryParam" time="2.163">
    <error message="Filter: [?][&#039;rating&#039;][&#039;rate&#039;] can not be applied to primitives. Current context is: io.restassured.internal.RestAssuredResponseImpl@79a7bfbc" type="com.jayway.jsonpath.InvalidPathException">
      <![CDATA[com.jayway.jsonpath.InvalidPathException: Filter: [?]['rating']['rate'] can not be applied to primitives. Current context is: io.restassured.internal.RestAssuredResponseImpl@79a7bfbc
at com.jayway.jsonpath.internal.path.PredicatePathToken.evaluate(PredicatePathToken.java:67)
at com.jayway.jsonpath.internal.path.RootPathToken.evaluate(RootPathToken.java:66)
at com.jayway.jsonpath.internal.path.CompiledPath.evaluate(CompiledPath.java:99)
at com.jayway.jsonpath.internal.path.CompiledPath.evaluate(CompiledPath.java:107)
at com.jayway.jsonpath.JsonPath.read(JsonPath.java:191)
at com.jayway.jsonpath.internal.JsonContext.read(JsonContext.java:88)
at com.jayway.jsonpath.internal.JsonContext.read(JsonContext.java:77)
at com.jayway.jsonpath.JsonPath.read(JsonPath.java:536)
at GETAPIs.JsonPathTest.getProductAPIWithqueryParam(JsonPathTest.java:35)
at java.base/jdk.internal.reflect.NativeMethodAccessorImpl.invoke0(Native Method)
at java.base/jdk.internal.reflect.NativeMethodAccessorImpl.invoke(NativeMethodAccessorImpl.java:77)
at java.base/jdk.internal.reflect.DelegatingMethodAccessorImpl.invoke(DelegatingMethodAccessorImpl.java:43)
at java.base/java.lang.reflect.Method.invoke(Method.java:568)
at org.testng.internal.MethodInvocationHelper.invokeMethod(MethodInvocationHelper.java:133)
at org.testng.internal.TestInvoker.invokeMethod(TestInvoker.java:584)
at org.testng.internal.TestInvoker.invokeTestMethod(TestInvoker.java:172)
at org.testng.internal.MethodRunner.runInSequence(MethodRunner.java:46)
at org.testng.internal.TestInvoker$MethodInvocationAgent.invoke(TestInvoker.java:804)
at org.testng.internal.TestInvoker.invokeTestMethods(TestInvoker.java:145)
at org.testng.internal.TestMethodWorker.invokeTestMethods(TestMethodWorker.java:146)
at org.testng.internal.TestMethodWorker.run(TestMethodWorker.java:128)
at java.base/java.util.ArrayList.forEach(ArrayList.java:1511)
at org.testng.TestRunner.privateRun(TestRunner.java:770)
at org.testng.TestRunner.run(TestRunner.java:591)
at org.testng.SuiteRunner.runTest(SuiteRunner.java:402)
at org.testng.SuiteRunner.runSequentially(SuiteRunner.java:396)
at org.testng.SuiteRunner.privateRun(SuiteRunner.java:355)
at org.testng.SuiteRunner.run(SuiteRunner.java:304)
at org.testng.SuiteRunnerWorker.runSuite(SuiteRunnerWorker.java:53)
at org.testng.SuiteRunnerWorker.run(SuiteRunnerWorker.java:96)
at org.testng.TestNG.runSuitesSequentially(TestNG.java:1180)
at org.testng.TestNG.runSuitesLocally(TestNG.java:1102)
at org.testng.TestNG.runSuites(TestNG.java:1032)
at org.testng.TestNG.run(TestNG.java:1000)
at org.testng.remote.AbstractRemoteTestNG.run(AbstractRemoteTestNG.java:115)
at org.testng.remote.RemoteTestNG.initAndRun(RemoteTestNG.java:251)
at org.testng.remote.RemoteTestNG.main(RemoteTestNG.java:77)
]]>
    </error>
  </testcase> <!-- getProductAPIWithqueryParam -->
</testsuite> <!-- GETAPIs.JsonPathTest -->
